<?xml version="1.0" encoding="UTF-8"?>
<coverage generated="1776959693127" clover="3.2.0">
  <project timestamp="1776959693128" name="All files">
    <metrics statements="79" coveredstatements="21" conditionals="2" coveredconditionals="0" methods="22" coveredmethods="6" elements="103" coveredelements="27" complexity="0" loc="79" ncloc="79" packages="5" files="10" classes="10"/>
    <package name="src">
      <metrics statements="7" coveredstatements="0" conditionals="0" coveredconditionals="0" methods="2" coveredmethods="0"/>
      <file name="app.ts" path="C:\Users\user\Documents\Programas\trabajos\Uceva-Angular-NodeJS-Taller-Microfrontends-Microservices\Microservice-Orders-NodeJS\src\app.ts">
        <metrics statements="7" coveredstatements="0" conditionals="0" coveredconditionals="0" methods="2" coveredmethods="0"/>
        <line num="1" count="0" type="stmt"/>
        <line num="2" count="0" type="stmt"/>
        <line num="3" count="0" type="stmt"/>
        <line num="9" count="0" type="stmt"/>
        <line num="14" count="0" type="stmt"/>
        <line num="24" count="0" type="stmt"/>
        <line num="25" count="0" type="stmt"/>
      </file>
    </package>
    <package name="src.config">
      <metrics statements="5" coveredstatements="0" conditionals="0" coveredconditionals="0" methods="0" coveredmethods="0"/>
      <file name="envs.ts" path="C:\Users\user\Documents\Programas\trabajos\Uceva-Angular-NodeJS-Taller-Microfrontends-Microservices\Microservice-Orders-NodeJS\src\config\envs.ts">
        <metrics statements="3" coveredstatements="0" conditionals="0" coveredconditionals="0" methods="0" coveredmethods="0"/>
        <line num="1" count="0" type="stmt"/>
        <line num="2" count="0" type="stmt"/>
        <line num="20" count="0" type="stmt"/>
      </file>
      <file name="swagger.ts" path="C:\Users\user\Documents\Programas\trabajos\Uceva-Angular-NodeJS-Taller-Microfrontends-Microservices\Microservice-Orders-NodeJS\src\config\swagger.ts">
        <metrics statements="2" coveredstatements="0" conditionals="0" coveredconditionals="0" methods="0" coveredmethods="0"/>
        <line num="1" count="0" type="stmt"/>
        <line num="21" count="0" type="stmt"/>
      </file>
    </package>
    <package name="src.domain.erros">
      <metrics statements="16" coveredstatements="3" conditionals="2" coveredconditionals="0" methods="8" coveredmethods="0"/>
      <file name="custom.error.ts" path="C:\Users\user\Documents\Programas\trabajos\Uceva-Angular-NodeJS-Taller-Microfrontends-Microservices\Microservice-Orders-NodeJS\src\domain\erros\custom.error.ts">
        <metrics statements="10" coveredstatements="1" conditionals="0" coveredconditionals="0" methods="7" coveredmethods="0"/>
        <line num="17" count="1" type="stmt"/>
        <line num="26" count="0" type="stmt"/>
        <line num="27" count="0" type="stmt"/>
        <line num="29" count="0" type="stmt"/>
        <line num="39" count="0" type="stmt"/>
        <line num="49" count="0" type="stmt"/>
        <line num="59" count="0" type="stmt"/>
        <line num="69" count="0" type="stmt"/>
        <line num="79" count="0" type="stmt"/>
        <line num="89" count="0" type="stmt"/>
      </file>
      <file name="handle.error.ts" path="C:\Users\user\Documents\Programas\trabajos\Uceva-Angular-NodeJS-Taller-Microfrontends-Microservices\Microservice-Orders-NodeJS\src\domain\erros\handle.error.ts">
        <metrics statements="6" coveredstatements="2" conditionals="2" coveredconditionals="0" methods="1" coveredmethods="0"/>
        <line num="2" count="1" type="stmt"/>
        <line num="15" count="1" type="stmt"/>
        <line num="35" count="0" type="stmt"/>
        <line num="37" count="0" type="cond" truecount="0" falsecount="2"/>
        <line num="38" count="0" type="stmt"/>
        <line num="43" count="0" type="stmt"/>
      </file>
    </package>
    <package name="src.presentation">
      <metrics statements="26" coveredstatements="0" conditionals="0" coveredconditionals="0" methods="5" coveredmethods="0"/>
      <file name="routes.ts" path="C:\Users\user\Documents\Programas\trabajos\Uceva-Angular-NodeJS-Taller-Microfrontends-Microservices\Microservice-Orders-NodeJS\src\presentation\routes.ts">
        <metrics statements="6" coveredstatements="0" conditionals="0" coveredconditionals="0" methods="1" coveredmethods="0"/>
        <line num="1" count="0" type="stmt"/>
        <line num="2" count="0" type="stmt"/>
        <line num="20" count="0" type="stmt"/>
        <line num="28" count="0" type="stmt"/>
        <line num="31" count="0" type="stmt"/>
        <line num="33" count="0" type="stmt"/>
      </file>
      <file name="server.ts" path="C:\Users\user\Documents\Programas\trabajos\Uceva-Angular-NodeJS-Taller-Microfrontends-Microservices\Microservice-Orders-NodeJS\src\presentation\server.ts">
        <metrics statements="20" coveredstatements="0" conditionals="0" coveredconditionals="0" methods="4" coveredmethods="0"/>
        <line num="1" count="0" type="stmt"/>
        <line num="2" count="0" type="stmt"/>
        <line num="3" count="0" type="stmt"/>
        <line num="4" count="0" type="stmt"/>
        <line num="5" count="0" type="stmt"/>
        <line num="27" count="0" type="stmt"/>
        <line num="29" count="0" type="stmt"/>
        <line num="44" count="0" type="stmt"/>
        <line num="45" count="0" type="stmt"/>
        <line num="46" count="0" type="stmt"/>
        <line num="47" count="0" type="stmt"/>
        <line num="63" count="0" type="stmt"/>
        <line num="64" count="0" type="stmt"/>
        <line num="67" count="0" type="stmt"/>
        <line num="70" count="0" type="stmt"/>
        <line num="73" count="0" type="stmt"/>
        <line num="76" count="0" type="stmt"/>
        <line num="77" count="0" type="stmt"/>
        <line num="82" count="0" type="stmt"/>
        <line num="83" count="0" type="stmt"/>
      </file>
    </package>
    <package name="src.presentation.modules.orders">
      <metrics statements="25" coveredstatements="18" conditionals="0" coveredconditionals="0" methods="7" coveredmethods="6"/>
      <file name="orders.controller.ts" path="C:\Users\user\Documents\Programas\trabajos\Uceva-Angular-NodeJS-Taller-Microfrontends-Microservices\Microservice-Orders-NodeJS\src\presentation\modules\orders\orders.controller.ts">
        <metrics statements="10" coveredstatements="10" conditionals="0" coveredconditionals="0" methods="4" coveredmethods="4"/>
        <line num="2" count="1" type="stmt"/>
        <line num="3" count="1" type="stmt"/>
        <line num="12" count="1" type="stmt"/>
        <line num="17" count="2" type="stmt"/>
        <line num="34" count="2" type="stmt"/>
        <line num="35" count="2" type="stmt"/>
        <line num="37" count="2" type="stmt"/>
        <line num="38" count="2" type="stmt"/>
        <line num="40" count="1" type="stmt"/>
        <line num="41" count="1" type="stmt"/>
      </file>
      <file name="orders.routes.ts" path="C:\Users\user\Documents\Programas\trabajos\Uceva-Angular-NodeJS-Taller-Microfrontends-Microservices\Microservice-Orders-NodeJS\src\presentation\modules\orders\orders.routes.ts">
        <metrics statements="7" coveredstatements="0" conditionals="0" coveredconditionals="0" methods="1" coveredmethods="0"/>
        <line num="1" count="0" type="stmt"/>
        <line num="2" count="0" type="stmt"/>
        <line num="7" count="0" type="stmt"/>
        <line num="12" count="0" type="stmt"/>
        <line num="13" count="0" type="stmt"/>
        <line num="44" count="0" type="stmt"/>
        <line num="46" count="0" type="stmt"/>
      </file>
      <file name="orders.service.ts" path="C:\Users\user\Documents\Programas\trabajos\Uceva-Angular-NodeJS-Taller-Microfrontends-Microservices\Microservice-Orders-NodeJS\src\presentation\modules\orders\orders.service.ts">
        <metrics statements="8" coveredstatements="8" conditionals="0" coveredconditionals="0" methods="2" coveredmethods="2"/>
        <line num="10" count="2" type="stmt"/>
        <line num="19" count="4" type="stmt"/>
        <line num="29" count="4" type="stmt"/>
        <line num="50" count="2" type="stmt"/>
        <line num="52" count="2" type="stmt"/>
        <line num="53" count="4" type="stmt"/>
        <line num="56" count="2" type="stmt"/>
        <line num="66" count="4" type="stmt"/>
      </file>
    </package>
  </project>
</coverage>
