{"C:\\Users\\user\\Documents\\Programas\\trabajos\\Uceva-Angular-NodeJS-Taller-Microfrontends-Microservices\\Microservice-Orders-NodeJS\\src\\app.ts": {"path":"C:\\Users\\user\\Documents\\Programas\\trabajos\\Uceva-Angular-NodeJS-Taller-Microfrontends-Microservices\\Microservice-Orders-NodeJS\\src\\app.ts","statementMap":{"0":{"start":{"line":1,"column":0},"end":{"line":1,"column":37}},"1":{"start":{"line":2,"column":0},"end":{"line":2,"column":50}},"2":{"start":{"line":3,"column":0},"end":{"line":3,"column":47}},"3":{"start":{"line":9,"column":17},"end":{"line":13,"column":4}},"4":{"start":{"line":14,"column":2},"end":{"line":14,"column":17}},"5":{"start":{"line":24,"column":0},"end":{"line":26,"column":5}},"6":{"start":{"line":25,"column":2},"end":{"line":25,"column":9}}},"fnMap":{"0":{"name":"main","decl":{"start":{"line":8,"column":9},"end":{"line":8,"column":13}},"loc":{"start":{"line":8,"column":13},"end":{"line":15,"column":1}}},"1":{"name":"(anonymous_1)","decl":{"start":{"line":24,"column":1},"end":{"line":24,"column":6}},"loc":{"start":{"line":24,"column":12},"end":{"line":26,"column":1}}}},"branchMap":{},"s":{"0":0,"1":0,"2":0,"3":0,"4":0,"5":0,"6":0},"f":{"0":0,"1":0},"b":{}}
,"C:\\Users\\user\\Documents\\Programas\\trabajos\\Uceva-Angular-NodeJS-Taller-Microfrontends-Microservices\\Microservice-Orders-NodeJS\\src\\config\\envs.ts": {"path":"C:\\Users\\user\\Documents\\Programas\\trabajos\\Uceva-Angular-NodeJS-Taller-Microfrontends-Microservices\\Microservice-Orders-NodeJS\\src\\config\\envs.ts","statementMap":{"0":{"start":{"line":1,"column":0},"end":{"line":1,"column":23}},"1":{"start":{"line":2,"column":0},"end":{"line":2,"column":30}},"2":{"start":{"line":20,"column":13},"end":{"line":23,"column":2}}},"fnMap":{},"branchMap":{},"s":{"0":0,"1":0,"2":0},"f":{},"b":{}}
,"C:\\Users\\user\\Documents\\Programas\\trabajos\\Uceva-Angular-NodeJS-Taller-Microfrontends-Microservices\\Microservice-Orders-NodeJS\\src\\config\\swagger.ts": {"path":"C:\\Users\\user\\Documents\\Programas\\trabajos\\Uceva-Angular-NodeJS-Taller-Microfrontends-Microservices\\Microservice-Orders-NodeJS\\src\\config\\swagger.ts","statementMap":{"0":{"start":{"line":1,"column":0},"end":{"line":1,"column":41}},"1":{"start":{"line":21,"column":13},"end":{"line":39,"column":3}}},"fnMap":{},"branchMap":{},"s":{"0":0,"1":0},"f":{},"b":{}}
,"C:\\Users\\user\\Documents\\Programas\\trabajos\\Uceva-Angular-NodeJS-Taller-Microfrontends-Microservices\\Microservice-Orders-NodeJS\\src\\domain\\erros\\custom.error.ts": {"path":"C:\\Users\\user\\Documents\\Programas\\trabajos\\Uceva-Angular-NodeJS-Taller-Microfrontends-Microservices\\Microservice-Orders-NodeJS\\src\\domain\\erros\\custom.error.ts","statementMap":{"0":{"start":{"line":29,"column":4},"end":{"line":29,"column":19}},"1":{"start":{"line":26,"column":20},"end":{"line":26,"column":38}},"2":{"start":{"line":27,"column":20},"end":{"line":27,"column":35}},"3":{"start":{"line":39,"column":4},"end":{"line":39,"column":41}},"4":{"start":{"line":49,"column":4},"end":{"line":49,"column":41}},"5":{"start":{"line":59,"column":4},"end":{"line":59,"column":41}},"6":{"start":{"line":69,"column":4},"end":{"line":69,"column":41}},"7":{"start":{"line":79,"column":4},"end":{"line":79,"column":41}},"8":{"start":{"line":89,"column":4},"end":{"line":89,"column":41}},"9":{"start":{"line":17,"column":0},"end":{"line":17,"column":13}}},"fnMap":{"0":{"name":"(anonymous_0)","decl":{"start":{"line":25,"column":2},"end":{"line":25,"column":null}},"loc":{"start":{"line":27,"column":35},"end":{"line":30,"column":3}}},"1":{"name":"(anonymous_1)","decl":{"start":{"line":38,"column":2},"end":{"line":38,"column":8}},"loc":{"start":{"line":38,"column":35},"end":{"line":40,"column":3}}},"2":{"name":"(anonymous_2)","decl":{"start":{"line":48,"column":2},"end":{"line":48,"column":8}},"loc":{"start":{"line":48,"column":37},"end":{"line":50,"column":3}}},"3":{"name":"(anonymous_3)","decl":{"start":{"line":58,"column":2},"end":{"line":58,"column":8}},"loc":{"start":{"line":58,"column":34},"end":{"line":60,"column":3}}},"4":{"name":"(anonymous_4)","decl":{"start":{"line":68,"column":2},"end":{"line":68,"column":8}},"loc":{"start":{"line":68,"column":33},"end":{"line":70,"column":3}}},"5":{"name":"(anonymous_5)","decl":{"start":{"line":78,"column":2},"end":{"line":78,"column":8}},"loc":{"start":{"line":78,"column":33},"end":{"line":80,"column":3}}},"6":{"name":"(anonymous_6)","decl":{"start":{"line":88,"column":2},"end":{"line":88,"column":8}},"loc":{"start":{"line":88,"column":39},"end":{"line":90,"column":3}}}},"branchMap":{},"s":{"0":0,"1":0,"2":0,"3":0,"4":0,"5":0,"6":0,"7":0,"8":0,"9":1},"f":{"0":0,"1":0,"2":0,"3":0,"4":0,"5":0,"6":0},"b":{}}
,"C:\\Users\\user\\Documents\\Programas\\trabajos\\Uceva-Angular-NodeJS-Taller-Microfrontends-Microservices\\Microservice-Orders-NodeJS\\src\\domain\\erros\\handle.error.ts": {"path":"C:\\Users\\user\\Documents\\Programas\\trabajos\\Uceva-Angular-NodeJS-Taller-Microfrontends-Microservices\\Microservice-Orders-NodeJS\\src\\domain\\erros\\handle.error.ts","statementMap":{"0":{"start":{"line":2,"column":0},"end":{"line":2,"column":45}},"1":{"start":{"line":35,"column":4},"end":{"line":35,"column":28}},"2":{"start":{"line":37,"column":4},"end":{"line":41,"column":5}},"3":{"start":{"line":38,"column":6},"end":{"line":40,"column":40}},"4":{"start":{"line":43,"column":4},"end":{"line":45,"column":48}},"5":{"start":{"line":15,"column":0},"end":{"line":15,"column":13}}},"fnMap":{"0":{"name":"(anonymous_0)","decl":{"start":{"line":34,"column":2},"end":{"line":34,"column":8}},"loc":{"start":{"line":34,"column":44},"end":{"line":46,"column":3}}}},"branchMap":{"0":{"loc":{"start":{"line":37,"column":4},"end":{"line":41,"column":5}},"type":"if","locations":[{"start":{"line":37,"column":4},"end":{"line":41,"column":5}},{"start":{},"end":{}}]}},"s":{"0":1,"1":0,"2":0,"3":0,"4":0,"5":1},"f":{"0":0},"b":{"0":[0,0]}}
,"C:\\Users\\user\\Documents\\Programas\\trabajos\\Uceva-Angular-NodeJS-Taller-Microfrontends-Microservices\\Microservice-Orders-NodeJS\\src\\presentation\\routes.ts": {"path":"C:\\Users\\user\\Documents\\Programas\\trabajos\\Uceva-Angular-NodeJS-Taller-Microfrontends-Microservices\\Microservice-Orders-NodeJS\\src\\presentation\\routes.ts","statementMap":{"0":{"start":{"line":1,"column":0},"end":{"line":1,"column":33}},"1":{"start":{"line":2,"column":0},"end":{"line":2,"column":62}},"2":{"start":{"line":28,"column":19},"end":{"line":28,"column":27}},"3":{"start":{"line":31,"column":4},"end":{"line":31,"column":51}},"4":{"start":{"line":33,"column":4},"end":{"line":33,"column":18}},"5":{"start":{"line":20,"column":0},"end":{"line":20,"column":13}}},"fnMap":{"0":{"name":"(anonymous_0)","decl":{"start":{"line":27,"column":2},"end":{"line":27,"column":8}},"loc":{"start":{"line":27,"column":19},"end":{"line":34,"column":3}}}},"branchMap":{},"s":{"0":0,"1":0,"2":0,"3":0,"4":0,"5":0},"f":{"0":0},"b":{}}
,"C:\\Users\\user\\Documents\\Programas\\trabajos\\Uceva-Angular-NodeJS-Taller-Microfrontends-Microservices\\Microservice-Orders-NodeJS\\src\\presentation\\server.ts": {"path":"C:\\Users\\user\\Documents\\Programas\\trabajos\\Uceva-Angular-NodeJS-Taller-Microfrontends-Microservices\\Microservice-Orders-NodeJS\\src\\presentation\\server.ts","statementMap":{"0":{"start":{"line":1,"column":0},"end":{"line":1,"column":24}},"1":{"start":{"line":2,"column":0},"end":{"line":2,"column":42}},"2":{"start":{"line":3,"column":0},"end":{"line":3,"column":24}},"3":{"start":{"line":4,"column":0},"end":{"line":4,"column":43}},"4":{"start":{"line":5,"column":0},"end":{"line":5,"column":48}},"5":{"start":{"line":29,"column":24},"end":{"line":29,"column":33}},"6":{"start":{"line":44,"column":41},"end":{"line":44,"column":48}},"7":{"start":{"line":45,"column":4},"end":{"line":45,"column":21}},"8":{"start":{"line":46,"column":4},"end":{"line":46,"column":33}},"9":{"start":{"line":47,"column":4},"end":{"line":47,"column":25}},"10":{"start":{"line":63,"column":4},"end":{"line":63,"column":25}},"11":{"start":{"line":64,"column":4},"end":{"line":64,"column":33}},"12":{"start":{"line":67,"column":4},"end":{"line":67,"column":50}},"13":{"start":{"line":70,"column":4},"end":{"line":70,"column":30}},"14":{"start":{"line":73,"column":4},"end":{"line":73,"column":77}},"15":{"start":{"line":76,"column":4},"end":{"line":80,"column":7}},"16":{"start":{"line":77,"column":6},"end":{"line":79,"column":8}},"17":{"start":{"line":82,"column":4},"end":{"line":84,"column":7}},"18":{"start":{"line":83,"column":6},"end":{"line":83,"column":70}},"19":{"start":{"line":27,"column":0},"end":{"line":27,"column":13}}},"fnMap":{"0":{"name":"(anonymous_1)","decl":{"start":{"line":43,"column":2},"end":{"line":43,"column":14}},"loc":{"start":{"line":43,"column":30},"end":{"line":48,"column":3}}},"1":{"name":"(anonymous_2)","decl":{"start":{"line":61,"column":2},"end":{"line":61,"column":7}},"loc":{"start":{"line":61,"column":13},"end":{"line":85,"column":3}}},"2":{"name":"(anonymous_3)","decl":{"start":{"line":76,"column":17},"end":{"line":76,"column":18}},"loc":{"start":{"line":76,"column":30},"end":{"line":80,"column":5}}},"3":{"name":"(anonymous_4)","decl":{"start":{"line":82,"column":31},"end":{"line":82,"column":34}},"loc":{"start":{"line":82,"column":36},"end":{"line":84,"column":5}}}},"branchMap":{},"s":{"0":0,"1":0,"2":0,"3":0,"4":0,"5":0,"6":0,"7":0,"8":0,"9":0,"10":0,"11":0,"12":0,"13":0,"14":0,"15":0,"16":0,"17":0,"18":0,"19":0},"f":{"0":0,"1":0,"2":0,"3":0},"b":{}}
,"C:\\Users\\user\\Documents\\Programas\\trabajos\\Uceva-Angular-NodeJS-Taller-Microfrontends-Microservices\\Microservice-Orders-NodeJS\\src\\presentation\\modules\\orders\\orders.controller.ts": {"path":"C:\\Users\\user\\Documents\\Programas\\trabajos\\Uceva-Angular-NodeJS-Taller-Microfrontends-Microservices\\Microservice-Orders-NodeJS\\src\\presentation\\modules\\orders\\orders.controller.ts","statementMap":{"0":{"start":{"line":2,"column":0},"end":{"line":2,"column":65}},"1":{"start":{"line":3,"column":0},"end":{"line":3,"column":49}},"2":{"start":{"line":17,"column":35},"end":{"line":17,"column":54}},"3":{"start":{"line":34,"column":17},"end":{"line":43,"column":3}},"4":{"start":{"line":35,"column":28},"end":{"line":35,"column":38}},"5":{"start":{"line":37,"column":4},"end":{"line":42,"column":13}},"6":{"start":{"line":38,"column":6},"end":{"line":41,"column":55}},"7":{"start":{"line":40,"column":24},"end":{"line":40,"column":52}},"8":{"start":{"line":41,"column":24},"end":{"line":41,"column":53}},"9":{"start":{"line":12,"column":0},"end":{"line":12,"column":13}}},"fnMap":{"0":{"name":"(anonymous_0)","decl":{"start":{"line":34,"column":17},"end":{"line":34,"column":18}},"loc":{"start":{"line":34,"column":55},"end":{"line":43,"column":3}}},"1":{"name":"(anonymous_1)","decl":{"start":{"line":37,"column":15},"end":{"line":37,"column":18}},"loc":{"start":{"line":37,"column":20},"end":{"line":42,"column":5}}},"2":{"name":"(anonymous_2)","decl":{"start":{"line":40,"column":12},"end":{"line":40,"column":13}},"loc":{"start":{"line":40,"column":24},"end":{"line":40,"column":52}}},"3":{"name":"(anonymous_3)","decl":{"start":{"line":41,"column":13},"end":{"line":41,"column":14}},"loc":{"start":{"line":41,"column":24},"end":{"line":41,"column":53}}}},"branchMap":{},"s":{"0":1,"1":1,"2":2,"3":2,"4":2,"5":2,"6":2,"7":1,"8":1,"9":1},"f":{"0":2,"1":2,"2":1,"3":1},"b":{}}
,"C:\\Users\\user\\Documents\\Programas\\trabajos\\Uceva-Angular-NodeJS-Taller-Microfrontends-Microservices\\Microservice-Orders-NodeJS\\src\\presentation\\modules\\orders\\orders.routes.ts": {"path":"C:\\Users\\user\\Documents\\Programas\\trabajos\\Uceva-Angular-NodeJS-Taller-Microfrontends-Microservices\\Microservice-Orders-NodeJS\\src\\presentation\\modules\\orders\\orders.routes.ts","statementMap":{"0":{"start":{"line":1,"column":0},"end":{"line":1,"column":33}},"1":{"start":{"line":2,"column":0},"end":{"line":2,"column":55}},"2":{"start":{"line":12,"column":19},"end":{"line":12,"column":27}},"3":{"start":{"line":13,"column":23},"end":{"line":13,"column":45}},"4":{"start":{"line":44,"column":4},"end":{"line":44,"column":57}},"5":{"start":{"line":46,"column":4},"end":{"line":46,"column":18}},"6":{"start":{"line":7,"column":0},"end":{"line":7,"column":13}}},"fnMap":{"0":{"name":"(anonymous_0)","decl":{"start":{"line":11,"column":2},"end":{"line":11,"column":8}},"loc":{"start":{"line":11,"column":19},"end":{"line":47,"column":3}}}},"branchMap":{},"s":{"0":0,"1":0,"2":0,"3":0,"4":0,"5":0,"6":0},"f":{"0":0},"b":{}}
,"C:\\Users\\user\\Documents\\Programas\\trabajos\\Uceva-Angular-NodeJS-Taller-Microfrontends-Microservices\\Microservice-Orders-NodeJS\\src\\presentation\\modules\\orders\\orders.service.ts": {"path":"C:\\Users\\user\\Documents\\Programas\\trabajos\\Uceva-Angular-NodeJS-Taller-Microfrontends-Microservices\\Microservice-Orders-NodeJS\\src\\presentation\\modules\\orders\\orders.service.ts","statementMap":{"0":{"start":{"line":19,"column":40},"end":{"line":24,"column":4}},"1":{"start":{"line":29,"column":28},"end":{"line":36,"column":4}},"2":{"start":{"line":50,"column":37},"end":{"line":50,"column":39}},"3":{"start":{"line":52,"column":4},"end":{"line":54,"column":5}},"4":{"start":{"line":52,"column":17},"end":{"line":52,"column":18}},"5":{"start":{"line":53,"column":6},"end":{"line":53,"column":41}},"6":{"start":{"line":56,"column":4},"end":{"line":56,"column":31}},"7":{"start":{"line":66,"column":4},"end":{"line":71,"column":7}},"8":{"start":{"line":10,"column":0},"end":{"line":10,"column":13}}},"fnMap":{"0":{"name":"(anonymous_0)","decl":{"start":{"line":49,"column":9},"end":{"line":49,"column":14}},"loc":{"start":{"line":49,"column":47},"end":{"line":57,"column":3}}},"1":{"name":"(anonymous_1)","decl":{"start":{"line":65,"column":10},"end":{"line":65,"column":23}},"loc":{"start":{"line":65,"column":34},"end":{"line":72,"column":3}}}},"branchMap":{},"s":{"0":4,"1":4,"2":2,"3":2,"4":2,"5":4,"6":2,"7":4,"8":2},"f":{"0":2,"1":4},"b":{}}
}
