TN:
SF:src\app.ts
FN:8,main
FN:24,(anonymous_1)
FNF:2
FNH:0
FNDA:0,main
FNDA:0,(anonymous_1)
DA:1,0
DA:2,0
DA:3,0
DA:9,0
DA:14,0
DA:24,0
DA:25,0
LF:7
LH:0
BRF:0
BRH:0
end_of_record
TN:
SF:src\config\envs.ts
FNF:0
FNH:0
DA:1,0
DA:2,0
DA:20,0
LF:3
LH:0
BRF:0
BRH:0
end_of_record
TN:
SF:src\config\swagger.ts
FNF:0
FNH:0
DA:1,0
DA:21,0
LF:2
LH:0
BRF:0
BRH:0
end_of_record
TN:
SF:src\domain\erros\custom.error.ts
FN:25,(anonymous_0)
FN:38,(anonymous_1)
FN:48,(anonymous_2)
FN:58,(anonymous_3)
FN:68,(anonymous_4)
FN:78,(anonymous_5)
FN:88,(anonymous_6)
FNF:7
FNH:0
FNDA:0,(anonymous_0)
FNDA:0,(anonymous_1)
FNDA:0,(anonymous_2)
FNDA:0,(anonymous_3)
FNDA:0,(anonymous_4)
FNDA:0,(anonymous_5)
FNDA:0,(anonymous_6)
DA:17,1
DA:26,0
DA:27,0
DA:29,0
DA:39,0
DA:49,0
DA:59,0
DA:69,0
DA:79,0
DA:89,0
LF:10
LH:1
BRF:0
BRH:0
end_of_record
TN:
SF:src\domain\erros\handle.error.ts
FN:34,(anonymous_0)
FNF:1
FNH:0
FNDA:0,(anonymous_0)
DA:2,1
DA:15,1
DA:35,0
DA:37,0
DA:38,0
DA:43,0
LF:6
LH:2
BRDA:37,0,0,0
BRDA:37,0,1,0
BRF:2
BRH:0
end_of_record
TN:
SF:src\presentation\routes.ts
FN:27,(anonymous_0)
FNF:1
FNH:0
FNDA:0,(anonymous_0)
DA:1,0
DA:2,0
DA:20,0
DA:28,0
DA:31,0
DA:33,0
LF:6
LH:0
BRF:0
BRH:0
end_of_record
TN:
SF:src\presentation\server.ts
FN:43,(anonymous_1)
FN:61,(anonymous_2)
FN:76,(anonymous_3)
FN:82,(anonymous_4)
FNF:4
FNH:0
FNDA:0,(anonymous_1)
FNDA:0,(anonymous_2)
FNDA:0,(anonymous_3)
FNDA:0,(anonymous_4)
DA:1,0
DA:2,0
DA:3,0
DA:4,0
DA:5,0
DA:27,0
DA:29,0
DA:44,0
DA:45,0
DA:46,0
DA:47,0
DA:63,0
DA:64,0
DA:67,0
DA:70,0
DA:73,0
DA:76,0
DA:77,0
DA:82,0
DA:83,0
LF:20
LH:0
BRF:0
BRH:0
end_of_record
TN:
SF:src\presentation\modules\orders\orders.controller.ts
FN:34,(anonymous_0)
FN:37,(anonymous_1)
FN:40,(anonymous_2)
FN:41,(anonymous_3)
FNF:4
FNH:4
FNDA:2,(anonymous_0)
FNDA:2,(anonymous_1)
FNDA:1,(anonymous_2)
FNDA:1,(anonymous_3)
DA:2,1
DA:3,1
DA:12,1
DA:17,2
DA:34,2
DA:35,2
DA:37,2
DA:38,2
DA:40,1
DA:41,1
LF:10
LH:10
BRF:0
BRH:0
end_of_record
TN:
SF:src\presentation\modules\orders\orders.routes.ts
FN:11,(anonymous_0)
FNF:1
FNH:0
FNDA:0,(anonymous_0)
DA:1,0
DA:2,0
DA:7,0
DA:12,0
DA:13,0
DA:44,0
DA:46,0
LF:7
LH:0
BRF:0
BRH:0
end_of_record
TN:
SF:src\presentation\modules\orders\orders.service.ts
FN:49,(anonymous_0)
FN:65,(anonymous_1)
FNF:2
FNH:2
FNDA:2,(anonymous_0)
FNDA:4,(anonymous_1)
DA:10,2
DA:19,4
DA:29,4
DA:50,2
DA:52,2
DA:53,4
DA:56,2
DA:66,4
LF:8
LH:8
BRF:0
BRH:0
end_of_record
